C:\USERS\Денис\DOCUMENTS\Алиска\RAYTRACERWIN\BIN\RAYTRACER.EXE
C:\USERS\ДЕНИС\DOCUMENTS\АЛИСКА\RAYTRACERWIN\BIN\RAYTRACER.PDB
C:\USERS\Денис\DOCUMENTS\Алиска\RAYTRACERWIN\SRC\DEBUG\MAIN.OBJ
C:\USERS\Денис\DOCUMENTS\Алиска\RAYTRACERWIN\SRC\DEBUG\RAYTRACER.EXE.EMBED.MANIFEST.RES
C:\USERS\Денис\DOCUMENTS\Алиска\RAYTRACERWIN\SRC\DEBUG\RAYTRACER.EXE.INTERMEDIATE.MANIFEST
C:\USERS\Денис\DOCUMENTS\Алиска\RAYTRACERWIN\SRC\DEBUG\SCENE.OBJ
C:\USERS\Денис\DOCUMENTS\Алиска\RAYTRACERWIN\SRC\DEBUG\TRACER.OBJ
C:\USERS\ДЕНИС\DOCUMENTS\АЛИСКА\RAYTRACERWIN\SRC\DEBUG\VC100.PDB
E:\RAYTRACERWINWIN\BIN\RAYTRACER.EXE
E:\RAYTRACERWINWIN\BIN\RAYTRACER.PDB
E:\RayTracerWinWin\src\..\bin\RayTracer.exe
E:\RayTracerWinWin\src\..\bin\RayTracer.pdb
E:\RayTracerWinWin\src\Debug\cl.command.1.tlog
E:\RayTracerWinWin\src\Debug\CL.read.1.tlog
E:\RayTracerWinWin\src\Debug\CL.write.1.tlog
E:\RayTracerWinWin\src\Debug\link.command.1.tlog
E:\RayTracerWinWin\src\Debug\link.read.1.tlog
E:\RayTracerWinWin\src\Debug\link.write.1.tlog
E:\RAYTRACERWINWIN\SRC\DEBUG\MAIN.OBJ
E:\RayTracerWinWin\src\Debug\mt.command.1.tlog
E:\RayTracerWinWin\src\Debug\mt.read.1.tlog
E:\RayTracerWinWin\src\Debug\mt.write.1.tlog
E:\RayTracerWinWin\src\Debug\parallel.cu.cache
E:\RayTracerWinWin\src\Debug\parallel.cu.obj
E:\RayTracerWinWin\src\Debug\RayTracer.exe.embed.manifest
E:\RayTracerWinWin\src\Debug\RayTracer.exe.embed.manifest.res
E:\RAYTRACERWINWIN\SRC\DEBUG\RAYTRACER.EXE.INTERMEDIATE.MANIFEST
E:\RayTracerWinWin\src\Debug\RayTracer.vcxprojResolveAssemblyReference.cache
E:\RayTracerWinWin\src\Debug\RayTracer.write.1.tlog
E:\RayTracerWinWin\src\Debug\RayTracer_manifest.rc
E:\RayTracerWinWin\src\Debug\rc.command.1.tlog
E:\RayTracerWinWin\src\Debug\rc.read.1.tlog
E:\RayTracerWinWin\src\Debug\rc.write.1.tlog
E:\RAYTRACERWINWIN\SRC\DEBUG\SCENE.OBJ
E:\RAYTRACERWINWIN\SRC\DEBUG\TRACER.OBJ
E:\RayTracerWinWin\src\Debug\vc100.idb
E:\RAYTRACERWINWIN\SRC\DEBUG\VC100.PDB
